2026-03-11 00:01:53 INFO User Alice cleanup completed
2026-03-11 00:03:51 INFO User Bob backup completed successfully
2026-03-11 00:08:51 INFO User Charlie backup completed successfully
2026-03-11 00:09:39 INFO User Alice backup completed successfully
2026-03-11 00:12:15 INFO User Eve scheduled backup started
2026-03-11 00:15:54 INFO User Dave logged in successfully
2026-03-11 00:20:25 INFO User Eve user session timed out
2026-03-11 00:22:02 INFO User Alice cleanup completed
2026-03-11 00:22:39 INFO User Bob logged in successfully
2026-03-11 00:24:11 INFO User Bob cleanup completed
2026-03-11 00:26:34 INFO User Bob user session timed out
2026-03-11 00:28:04 INFO User Dave configuration loaded
2026-03-11 00:30:07 INFO User Dave user session timed out
2026-03-11 00:32:43 INFO User Dave logged in successfully
2026-03-11 00:33:14 WARNING Network latency detected on Email
2026-03-11 00:38:14 INFO User Dave cleanup completed
2026-03-11 00:38:57 INFO User Dave cleanup completed
2026-03-11 00:43:54 INFO User Eve scheduled backup started
2026-03-11 00:46:55 WARNING Disk space running low on WebServer
2026-03-11 00:51:35 INFO User Alice scheduled backup started
2026-03-11 00:54:51 WARNING CPU usage high on WebServer
2026-03-11 00:58:24 INFO User Eve cleanup completed
2026-03-11 01:01:46 ERROR Service crashed unexpectedly for Database
2026-03-11 01:05:24 WARNING Network latency detected on SSH
2026-03-11 01:06:15 WARNING Memory usage high on Backup
2026-03-11 01:11:06 INFO User Alice cleanup completed
2026-03-11 01:13:55 INFO User Bob configuration loaded
2026-03-11 01:14:46 ERROR Service crashed unexpectedly for Dave
2026-03-11 01:18:07 INFO User Bob logged in successfully
2026-03-11 01:20:59 ERROR Failed to send email for Alice
2026-03-11 01:23:21 ERROR User authentication failed for SSH
2026-03-11 01:25:52 INFO User Alice backup completed successfully
2026-03-11 01:30:40 INFO User Charlie logged in successfully
2026-03-11 01:35:25 INFO User Charlie cleanup completed
2026-03-11 01:40:21 INFO User Alice logged in successfully
2026-03-11 01:45:10 WARNING Memory usage high on Database
2026-03-11 01:48:09 INFO User Charlie configuration loaded
2026-03-11 01:52:34 INFO User Eve cleanup completed
2026-03-11 01:53:52 INFO User Bob configuration loaded
2026-03-11 01:55:09 WARNING Network latency detected on Database
2026-03-11 01:57:53 WARNING CPU usage high on SSH
2026-03-11 02:00:11 WARNING Disk space running low on WebServer
2026-03-11 02:02:28 INFO User Dave scheduled backup started
2026-03-11 02:06:14 INFO User Bob backup completed successfully
2026-03-11 02:06:58 WARNING CPU usage high on Email
2026-03-11 02:11:28 WARNING CPU usage high on WebServer
2026-03-11 02:14:30 INFO User Eve scheduled backup started
2026-03-11 02:16:53 WARNING Memory usage high on Backup
2026-03-11 02:18:43 INFO User Alice configuration loaded
2026-03-11 02:21:29 INFO User Charlie scheduled backup started
2026-03-11 02:23:13 ERROR Service crashed unexpectedly for SSH
2026-03-11 02:26:39 WARNING Disk space running low on Backup
2026-03-11 02:29:45 INFO User Charlie scheduled backup started
2026-03-11 02:30:20 INFO User Eve cleanup completed
2026-03-11 02:33:53 INFO User Alice scheduled backup started
2026-03-11 02:37:38 INFO User Alice user session timed out
2026-03-11 02:40:53 WARNING Memory usage high on WebServer
2026-03-11 02:45:00 INFO User Eve configuration loaded
2026-03-11 02:47:10 INFO User Dave configuration loaded
2026-03-11 02:49:09 WARNING CPU usage high on SSH
2026-03-11 02:51:46 ERROR User authentication failed for Backup
2026-03-11 02:55:26 WARNING Disk space running low on WebServer
2026-03-11 02:57:34 INFO User Alice configuration loaded
2026-03-11 02:58:13 INFO User Dave scheduled backup started
2026-03-11 03:00:19 ERROR Service crashed unexpectedly for WebServer
2026-03-11 03:03:33 INFO User Alice backup completed successfully
2026-03-11 03:04:07 WARNING CPU usage high on WebServer
2026-03-11 03:08:50 INFO User Charlie backup completed successfully
2026-03-11 03:13:29 INFO User Eve scheduled backup started
2026-03-11 03:14:22 WARNING Disk space running low on Database
2026-03-11 03:18:41 ERROR Failed to send email for Charlie
2026-03-11 03:21:52 INFO User Alice logged in successfully
2026-03-11 03:23:11 ERROR Service crashed unexpectedly for SSH
2026-03-11 03:26:04 WARNING Memory usage high on SSH
2026-03-11 03:30:04 INFO User Eve cleanup completed
2026-03-11 03:30:38 INFO User Bob scheduled backup started
2026-03-11 03:34:52 INFO User Charlie logged in successfully
2026-03-11 03:35:23 INFO User Dave scheduled backup started
2026-03-11 03:37:20 INFO User Charlie logged in successfully
2026-03-11 03:40:25 INFO User Charlie cleanup completed
2026-03-11 03:42:15 WARNING Memory usage high on SSH
2026-03-11 03:47:01 ERROR Failed to write to log file for Bob
2026-03-11 03:51:30 INFO User Charlie logged in successfully
2026-03-11 03:53:31 WARNING Memory usage high on SSH
2026-03-11 03:55:05 ERROR User authentication failed for Backup
2026-03-11 03:56:06 INFO User Charlie logged in successfully
2026-03-11 03:57:09 INFO User Bob scheduled backup started
2026-03-11 04:01:48 INFO User Dave user session timed out
2026-03-11 04:03:46 WARNING Disk space running low on Email
2026-03-11 04:05:36 INFO User Alice configuration loaded
2026-03-11 04:09:03 ERROR Failed to send email for Database
2026-03-11 04:12:41 ERROR Service crashed unexpectedly for SSH
2026-03-11 04:16:19 INFO User Dave configuration loaded
2026-03-11 04:17:11 INFO User Charlie configuration loaded
2026-03-11 04:19:41 WARNING CPU usage high on SSH
2026-03-11 04:24:05 ERROR Failed to connect for SSH
2026-03-11 04:24:46 INFO User Dave logged in successfully
2026-03-11 04:28:38 INFO User Bob configuration loaded
2026-03-11 04:31:58 WARNING Memory usage high on WebServer
2026-03-11 04:33:05 INFO User Charlie scheduled backup started
2026-03-11 04:36:03 INFO User Bob user session timed out
2026-03-11 04:37:14 INFO User Charlie user session timed out
2026-03-11 04:39:02 ERROR Failed to send email for Alice
2026-03-11 04:43:51 INFO User Bob user session timed out
2026-03-11 04:44:28 WARNING Disk space running low on WebServer
2026-03-11 04:49:09 INFO User Alice backup completed successfully
2026-03-11 04:50:58 WARNING Disk space running low on Backup
2026-03-11 04:53:49 INFO User Charlie user session timed out
2026-03-11 04:57:15 WARNING Disk space running low on Backup
2026-03-11 05:00:11 ERROR User authentication failed for Alice
2026-03-11 05:01:03 WARNING CPU usage high on SSH
2026-03-11 05:03:03 INFO User Dave backup completed successfully
2026-03-11 05:06:28 ERROR Failed to write to log file for Eve
2026-03-11 05:07:11 INFO User Alice scheduled backup started
2026-03-11 05:08:11 WARNING Network latency detected on WebServer
2026-03-11 05:11:30 INFO User Dave user session timed out
2026-03-11 05:15:22 INFO User Eve configuration loaded
2026-03-11 05:16:55 INFO User Eve cleanup completed
2026-03-11 05:20:29 WARNING Memory usage high on SSH
2026-03-11 05:21:15 ERROR Failed to connect for Email
2026-03-11 05:22:28 INFO User Charlie scheduled backup started
2026-03-11 05:26:16 WARNING Network latency detected on SSH
2026-03-11 05:27:20 WARNING Disk space running low on WebServer
2026-03-11 05:30:10 INFO User Bob scheduled backup started
2026-03-11 05:31:31 WARNING Memory usage high on WebServer
2026-03-11 05:32:34 INFO User Alice backup completed successfully
2026-03-11 05:33:32 ERROR Service crashed unexpectedly for WebServer
2026-03-11 05:37:12 ERROR User authentication failed for Eve
2026-03-11 05:40:17 WARNING Memory usage high on Database
2026-03-11 05:41:24 WARNING CPU usage high on WebServer
2026-03-11 05:45:40 ERROR Failed to write to log file for Backup
2026-03-11 05:48:04 INFO User Charlie cleanup completed
2026-03-11 05:50:57 INFO User Bob cleanup completed
2026-03-11 05:55:42 ERROR Service crashed unexpectedly for Bob
2026-03-11 05:59:18 WARNING Memory usage high on Email
2026-03-11 06:02:26 INFO User Alice scheduled backup started
2026-03-11 06:05:48 INFO User Eve scheduled backup started
2026-03-11 06:06:50 WARNING Disk space running low on Backup
2026-03-11 06:07:24 WARNING Network latency detected on Backup
2026-03-11 06:08:16 INFO User Charlie backup completed successfully
2026-03-11 06:10:30 WARNING Memory usage high on Backup
2026-03-11 06:12:54 WARNING Disk space running low on WebServer
2026-03-11 06:14:58 INFO User Eve cleanup completed
2026-03-11 06:17:59 ERROR Failed to send email for SSH
2026-03-11 06:20:00 INFO User Alice scheduled backup started
2026-03-11 06:24:50 ERROR Service crashed unexpectedly for Charlie
2026-03-11 06:26:49 INFO User Alice cleanup completed
2026-03-11 06:27:52 INFO User Eve scheduled backup started
2026-03-11 06:30:56 INFO User Dave cleanup completed
2026-03-11 06:31:40 ERROR Service crashed unexpectedly for Charlie
2026-03-11 06:34:09 INFO User Alice cleanup completed
2026-03-11 06:38:25 INFO User Bob scheduled backup started
2026-03-11 06:43:15 WARNING Memory usage high on Backup
2026-03-11 06:48:00 ERROR Failed to send email for Charlie
2026-03-11 06:48:44 ERROR Failed to send email for Bob
2026-03-11 06:53:35 INFO User Charlie cleanup completed
2026-03-11 06:54:53 INFO User Alice cleanup completed
2026-03-11 06:58:21 INFO User Charlie scheduled backup started
2026-03-11 06:59:27 INFO User Bob configuration loaded
2026-03-11 07:02:43 INFO User Alice logged in successfully
2026-03-11 07:07:15 ERROR Failed to send email for Eve
2026-03-11 07:08:44 WARNING Memory usage high on Database
2026-03-11 07:11:18 INFO User Alice logged in successfully
2026-03-11 07:13:19 INFO User Bob logged in successfully
2026-03-11 07:15:21 INFO User Bob configuration loaded
2026-03-11 07:16:57 ERROR User authentication failed for Charlie
2026-03-11 07:21:18 ERROR Failed to write to log file for Database
2026-03-11 07:24:04 INFO User Bob logged in successfully
2026-03-11 07:29:01 WARNING Network latency detected on Email
2026-03-11 07:32:46 WARNING Memory usage high on Backup
2026-03-11 07:36:10 WARNING CPU usage high on WebServer
2026-03-11 07:40:58 INFO User Charlie scheduled backup started
2026-03-11 07:45:14 INFO User Dave user session timed out
2026-03-11 07:49:50 INFO User Eve logged in successfully
2026-03-11 07:50:48 INFO User Bob scheduled backup started
2026-03-11 07:52:50 INFO User Bob backup completed successfully
2026-03-11 07:55:31 ERROR Failed to connect for Dave
2026-03-11 07:59:18 WARNING CPU usage high on WebServer
2026-03-11 08:03:29 INFO User Charlie backup completed successfully
2026-03-11 08:05:53 INFO User Dave scheduled backup started
2026-03-11 08:06:43 INFO User Dave logged in successfully
2026-03-11 08:09:16 WARNING Memory usage high on Database
2026-03-11 08:10:19 WARNING Disk space running low on Email
2026-03-11 08:12:35 INFO User Alice scheduled backup started
2026-03-11 08:14:29 INFO User Alice logged in successfully
2026-03-11 08:17:06 ERROR User authentication failed for SSH
2026-03-11 08:21:27 INFO User Bob configuration loaded
2026-03-11 08:26:27 INFO User Dave backup completed successfully
2026-03-11 08:29:24 INFO User Eve backup completed successfully
2026-03-11 08:32:30 WARNING Memory usage high on Backup
2026-03-11 08:36:33 WARNING Network latency detected on Database
2026-03-11 08:40:33 INFO User Dave scheduled backup started
2026-03-11 08:44:26 INFO User Alice logged in successfully
2026-03-11 08:48:37 INFO User Charlie logged in successfully
2026-03-11 08:52:32 ERROR Failed to write to log file for Backup
2026-03-11 08:56:53 INFO User Charlie cleanup completed
2026-03-11 08:57:50 INFO User Bob backup completed successfully
2026-03-11 09:02:42 WARNING Network latency detected on Backup
2026-03-11 09:04:05 INFO User Charlie logged in successfully
2026-03-11 09:06:46 INFO User Alice logged in successfully
2026-03-11 09:09:52 INFO User Bob logged in successfully
2026-03-11 09:13:25 INFO User Eve configuration loaded
2026-03-11 09:16:09 INFO User Eve scheduled backup started
2026-03-11 09:17:02 WARNING Disk space running low on WebServer
2026-03-11 09:18:28 INFO User Alice backup completed successfully
2026-03-11 09:20:13 WARNING Disk space running low on SSH
2026-03-11 09:23:08 WARNING Network latency detected on SSH
2026-03-11 09:27:59 INFO User Alice backup completed successfully
2026-03-11 09:28:50 ERROR User authentication failed for Alice
2026-03-11 09:31:23 INFO User Bob user session timed out
2026-03-11 09:35:25 INFO User Bob user session timed out
2026-03-11 09:38:01 INFO User Bob scheduled backup started
2026-03-11 09:39:42 INFO User Eve cleanup completed
2026-03-11 09:44:33 WARNING Network latency detected on WebServer
2026-03-11 09:47:03 ERROR Service crashed unexpectedly for Bob
2026-03-11 09:48:03 INFO User Charlie logged in successfully
2026-03-11 09:48:58 INFO User Charlie backup completed successfully
2026-03-11 09:51:44 INFO User Bob user session timed out
2026-03-11 09:56:21 ERROR Service crashed unexpectedly for Database
2026-03-11 09:58:21 ERROR Failed to connect for Dave
2026-03-11 10:01:35 INFO User Eve user session timed out
2026-03-11 10:04:12 WARNING Disk space running low on WebServer
2026-03-11 10:05:51 WARNING Memory usage high on Backup
2026-03-11 10:07:21 INFO User Eve backup completed successfully
2026-03-11 10:10:35 WARNING Network latency detected on SSH
2026-03-11 10:12:14 INFO User Charlie cleanup completed
2026-03-11 10:16:20 WARNING Disk space running low on Database
2026-03-11 10:19:37 INFO User Charlie logged in successfully
2026-03-11 10:24:34 INFO User Dave configuration loaded
2026-03-11 10:27:16 INFO User Charlie cleanup completed
2026-03-11 10:31:34 INFO User Bob scheduled backup started
2026-03-11 10:36:11 WARNING Memory usage high on Email
2026-03-11 10:37:39 INFO User Alice cleanup completed
2026-03-11 10:38:37 INFO User Dave user session timed out
2026-03-11 10:39:32 ERROR User authentication failed for Dave
2026-03-11 10:43:55 INFO User Dave scheduled backup started
2026-03-11 10:46:22 INFO User Bob backup completed successfully
2026-03-11 10:51:07 WARNING Memory usage high on WebServer
2026-03-11 10:51:39 INFO User Eve backup completed successfully
2026-03-11 10:52:45 WARNING CPU usage high on Email
2026-03-11 10:54:52 INFO User Eve logged in successfully
2026-03-11 10:59:19 INFO User Eve configuration loaded
2026-03-11 11:03:14 INFO User Alice cleanup completed
2026-03-11 11:05:46 INFO User Dave configuration loaded
2026-03-11 11:07:14 INFO User Charlie backup completed successfully
2026-03-11 11:09:50 INFO User Eve user session timed out
2026-03-11 11:14:18 WARNING Memory usage high on Database
2026-03-11 11:19:01 INFO User Alice user session timed out
2026-03-11 11:21:46 INFO User Alice backup completed successfully
2026-03-11 11:22:16 INFO User Charlie cleanup completed
2026-03-11 11:26:11 ERROR Failed to send email for SSH
2026-03-11 11:31:00 ERROR Failed to connect for WebServer
2026-03-11 11:35:29 INFO User Dave logged in successfully
2026-03-11 11:36:17 INFO User Dave logged in successfully
2026-03-11 11:39:02 WARNING Memory usage high on WebServer
2026-03-11 11:40:25 WARNING Memory usage high on WebServer
2026-03-11 11:44:13 ERROR Failed to connect for Bob
2026-03-11 11:49:04 WARNING CPU usage high on Database
2026-03-11 11:52:07 INFO User Dave cleanup completed
2026-03-11 11:56:00 ERROR Service crashed unexpectedly for Alice
2026-03-11 12:00:33 INFO User Bob configuration loaded
2026-03-11 12:02:32 INFO User Bob cleanup completed
2026-03-11 12:06:33 WARNING CPU usage high on Database
2026-03-11 12:09:17 INFO User Eve cleanup completed
2026-03-11 12:12:08 INFO User Bob scheduled backup started
2026-03-11 12:13:17 INFO User Charlie logged in successfully
2026-03-11 12:16:03 ERROR User authentication failed for Dave
2026-03-11 12:16:54 INFO User Alice logged in successfully
2026-03-11 12:20:47 ERROR Service crashed unexpectedly for Backup
2026-03-11 12:21:42 INFO User Bob user session timed out
2026-03-11 12:25:50 INFO User Bob user session timed out
2026-03-11 12:29:42 INFO User Charlie cleanup completed
2026-03-11 12:31:37 WARNING Memory usage high on Email
2026-03-11 12:32:45 WARNING Disk space running low on WebServer
2026-03-11 12:34:01 INFO User Charlie logged in successfully
2026-03-11 12:36:57 INFO User Charlie backup completed successfully
2026-03-11 12:39:10 WARNING Network latency detected on Backup
2026-03-11 12:41:35 INFO User Bob logged in successfully
2026-03-11 12:44:02 INFO User Dave logged in successfully
2026-03-11 12:48:01 INFO User Bob cleanup completed
2026-03-11 12:50:03 WARNING Network latency detected on SSH
2026-03-11 12:54:42 WARNING Memory usage high on Email
2026-03-11 12:59:24 INFO User Bob backup completed successfully
2026-03-11 13:02:02 INFO User Charlie logged in successfully
2026-03-11 13:06:33 INFO User Alice user session timed out
2026-03-11 13:07:37 INFO User Charlie logged in successfully
2026-03-11 13:11:31 WARNING Disk space running low on Database
2026-03-11 13:13:25 INFO User Eve backup completed successfully
2026-03-11 13:18:07 INFO User Charlie scheduled backup started
2026-03-11 13:20:31 ERROR User authentication failed for Dave
2026-03-11 13:24:42 WARNING Network latency detected on SSH
2026-03-11 13:29:13 INFO User Charlie cleanup completed
2026-03-11 13:32:04 INFO User Alice user session timed out
2026-03-11 13:35:03 INFO User Eve backup completed successfully
2026-03-11 13:37:33 WARNING Network latency detected on Database
2026-03-11 13:39:45 WARNING Memory usage high on Email
2026-03-11 13:43:07 INFO User Alice configuration loaded
2026-03-11 13:45:06 INFO User Alice cleanup completed
2026-03-11 13:48:47 WARNING Memory usage high on SSH
2026-03-11 13:49:57 ERROR Failed to send email for Dave
